2025-09-13 16:50:25.428 | INFO     | src.engine.main_realtime:preflight_check:510 - í”„ë¦¬í”Œë¼ì´íŠ¸ ì ê²€ ì‹œì‘...
2025-09-13 16:50:27.685 | INFO     | src.engine.main_realtime:preflight_check:513 - ê±°ë˜ ê°€ëŠ¥ ì‹¬ë³¼ ì¡°íšŒ ì¤‘...
2025-09-13 16:50:28.557 | INFO     | src.engine.main_realtime:preflight_check:519 - 2ê°œì˜ ê±°ë˜ ê°€ëŠ¥ ì‹¬ë³¼ì„ ì°¾ì•˜ìŠµë‹ˆë‹¤.
2025-09-13 16:50:28.557 | INFO     | src.engine.main_realtime:preflight_check:521 - ê³„ì • ì”ê³  ì¡°íšŒ ì¤‘...
2025-09-13 16:50:29.070 | INFO     | src.engine.main_realtime:preflight_check:527 - ê³„ì • ì”ê³ : 0.61 USDT
2025-09-13 16:50:29.070 | INFO     | src.engine.main_realtime:preflight_check:529 - í”„ë¦¬í”Œë¼ì´íŠ¸ ì ê²€ í†µê³¼!
2025-09-13 16:50:29.070 | ERROR    | src.engine.main_realtime:main:560 - ë©”ì¸ ì‹¤í–‰ ì¤‘ ì¹˜ëª…ì  ì˜¤ë¥˜: name 'main_loop' is not defined
Traceback (most recent call last):

  File "C:\Users\HP\AppData\Local\Programs\Python\Python310\lib\runpy.py", line 196, in _run_module_as_main
    return _run_code(code, main_globals, None,
           â”‚         â”‚     â”” {'__name__': '__main__', '__doc__': None, '__package__': 'src', '__loader__': <_frozen_importlib_external.SourceFileLoader ob...
           â”‚         â”” <code object <module> at 0x00000268CE114030, file "C:\Users\HP\PROJECT_ORACLE_0_NEW\src\main_unified.py", line 1>
           â”” <function _run_code at 0x00000268CE0CB370>

  File "C:\Users\HP\AppData\Local\Programs\Python\Python310\lib\runpy.py", line 86, in _run_code
    exec(code, run_globals)
         â”‚     â”” {'__name__': '__main__', '__doc__': None, '__package__': 'src', '__loader__': <_frozen_importlib_external.SourceFileLoader ob...
         â”” <code object <module> at 0x00000268CE114030, file "C:\Users\HP\PROJECT_ORACLE_0_NEW\src\main_unified.py", line 1>

  File "C:\Users\HP\PROJECT_ORACLE_0_NEW\src\main_unified.py", line 29, in <module>
    asyncio.run(run_all())
    â”‚       â”‚   â”” <function run_all at 0x00000268CDFB3E20>
    â”‚       â”” <function run at 0x00000268D00EB7F0>
    â”” <module 'asyncio' from 'C:\\Users\\HP\\AppData\\Local\\Programs\\Python\\Python310\\lib\\asyncio\\__init__.py'>

  File "C:\Users\HP\AppData\Local\Programs\Python\Python310\lib\asyncio\runners.py", line 44, in run
    return loop.run_until_complete(main)
           â”‚    â”‚                  â”” <coroutine object run_all at 0x00000268FFE347B0>
           â”‚    â”” <function BaseEventLoop.run_until_complete at 0x00000268D00FD240>
           â”” <ProactorEventLoop running=True closed=False debug=False>

  File "C:\Users\HP\AppData\Local\Programs\Python\Python310\lib\asyncio\base_events.py", line 628, in run_until_complete
    self.run_forever()
    â”‚    â”” <function ProactorEventLoop.run_forever at 0x00000268D01B5E10>
    â”” <ProactorEventLoop running=True closed=False debug=False>

  File "C:\Users\HP\AppData\Local\Programs\Python\Python310\lib\asyncio\windows_events.py", line 316, in run_forever
    super().run_forever()

  File "C:\Users\HP\AppData\Local\Programs\Python\Python310\lib\asyncio\base_events.py", line 595, in run_forever
    self._run_once()
    â”‚    â”” <function BaseEventLoop._run_once at 0x00000268D00FECB0>
    â”” <ProactorEventLoop running=True closed=False debug=False>

  File "C:\Users\HP\AppData\Local\Programs\Python\Python310\lib\asyncio\base_events.py", line 1881, in _run_once
    handle._run()
    â”‚      â”” <function Handle._run at 0x00000268D005E440>
    â”” <Handle Task.task_wakeup(<Future finished result=None>)>

  File "C:\Users\HP\AppData\Local\Programs\Python\Python310\lib\asyncio\events.py", line 80, in _run
    self._context.run(self._callback, *self._args)
    â”‚    â”‚            â”‚    â”‚           â”‚    â”” <member '_args' of 'Handle' objects>
    â”‚    â”‚            â”‚    â”‚           â”” <Handle Task.task_wakeup(<Future finished result=None>)>
    â”‚    â”‚            â”‚    â”” <member '_callback' of 'Handle' objects>
    â”‚    â”‚            â”” <Handle Task.task_wakeup(<Future finished result=None>)>
    â”‚    â”” <member '_context' of 'Handle' objects>
    â”” <Handle Task.task_wakeup(<Future finished result=None>)>

> File "C:\Users\HP\PROJECT_ORACLE_0_NEW\src\engine\main_realtime.py", line 556, in main
    await main_loop(session)
                    â”” ccxt.async_support.bybit()

NameError: name 'main_loop' is not defined
2025-09-13 16:50:29.345 | INFO     | src.engine.main_realtime:main:564 - ===== ì‹¤ì‹œê°„ ê±°ë˜ ì—”ì§„ ì¢…ë£Œ =====
2025-09-13 16:50:38.995 | INFO     | __main__:run_all:25 - í†µí•© ë´‡ ì‹œìŠ¤í…œì„ ì¢…ë£Œí•©ë‹ˆë‹¤.
2025-09-13 16:50:38.995 | INFO     | __main__:<module>:31 - ì‚¬ìš©ìì— ì˜í•´ í”„ë¡œê·¸ë¨ì´ ì¤‘ë‹¨ë˜ì—ˆìŠµë‹ˆë‹¤.
2025-09-13 17:00:17.593 | INFO     | src.engine.main_realtime:preflight_check:510 - í”„ë¦¬í”Œë¼ì´íŠ¸ ì ê²€ ì‹œì‘...
2025-09-13 17:00:20.049 | INFO     | src.engine.main_realtime:preflight_check:513 - ê±°ë˜ ê°€ëŠ¥ ì‹¬ë³¼ ì¡°íšŒ ì¤‘...
2025-09-13 17:00:21.070 | INFO     | src.engine.main_realtime:preflight_check:519 - 2ê°œì˜ ê±°ë˜ ê°€ëŠ¥ ì‹¬ë³¼ì„ ì°¾ì•˜ìŠµë‹ˆë‹¤.
2025-09-13 17:00:21.070 | INFO     | src.engine.main_realtime:preflight_check:521 - ê³„ì • ì”ê³  ì¡°íšŒ ì¤‘...
2025-09-13 17:00:21.584 | INFO     | src.engine.main_realtime:preflight_check:527 - ê³„ì • ì”ê³ : 0.61 USDT
2025-09-13 17:00:21.584 | INFO     | src.engine.main_realtime:preflight_check:529 - í”„ë¦¬í”Œë¼ì´íŠ¸ ì ê²€ í†µê³¼!
2025-09-13 17:00:21.584 | ERROR    | src.engine.main_realtime:main:563 - ë©”ì¸ ì‹¤í–‰ ì¤‘ ì¹˜ëª…ì  ì˜¤ë¥˜: name 'main_loop' is not defined
Traceback (most recent call last):

  File "C:\Users\HP\AppData\Local\Programs\Python\Python310\lib\runpy.py", line 196, in _run_module_as_main
    return _run_code(code, main_globals, None,
           â”‚         â”‚     â”” {'__name__': '__main__', '__doc__': None, '__package__': 'src', '__loader__': <_frozen_importlib_external.SourceFileLoader ob...
           â”‚         â”” <code object <module> at 0x00000255827A4030, file "C:\Users\HP\PROJECT_ORACLE_0_NEW\src\main_unified.py", line 1>
           â”” <function _run_code at 0x000002558275B370>

  File "C:\Users\HP\AppData\Local\Programs\Python\Python310\lib\runpy.py", line 86, in _run_code
    exec(code, run_globals)
         â”‚     â”” {'__name__': '__main__', '__doc__': None, '__package__': 'src', '__loader__': <_frozen_importlib_external.SourceFileLoader ob...
         â”” <code object <module> at 0x00000255827A4030, file "C:\Users\HP\PROJECT_ORACLE_0_NEW\src\main_unified.py", line 1>

  File "C:\Users\HP\PROJECT_ORACLE_0_NEW\src\main_unified.py", line 29, in <module>
    asyncio.run(run_all())
    â”‚       â”‚   â”” <function run_all at 0x00000255822F3E20>
    â”‚       â”” <function run at 0x000002558478B7F0>
    â”” <module 'asyncio' from 'C:\\Users\\HP\\AppData\\Local\\Programs\\Python\\Python310\\lib\\asyncio\\__init__.py'>

  File "C:\Users\HP\AppData\Local\Programs\Python\Python310\lib\asyncio\runners.py", line 44, in run
    return loop.run_until_complete(main)
           â”‚    â”‚                  â”” <coroutine object run_all at 0x00000255B7475B60>
           â”‚    â”” <function BaseEventLoop.run_until_complete at 0x000002558479D240>
           â”” <ProactorEventLoop running=True closed=False debug=False>

  File "C:\Users\HP\AppData\Local\Programs\Python\Python310\lib\asyncio\base_events.py", line 628, in run_until_complete
    self.run_forever()
    â”‚    â”” <function ProactorEventLoop.run_forever at 0x0000025584855E10>
    â”” <ProactorEventLoop running=True closed=False debug=False>

  File "C:\Users\HP\AppData\Local\Programs\Python\Python310\lib\asyncio\windows_events.py", line 316, in run_forever
    super().run_forever()

  File "C:\Users\HP\AppData\Local\Programs\Python\Python310\lib\asyncio\base_events.py", line 595, in run_forever
    self._run_once()
    â”‚    â”” <function BaseEventLoop._run_once at 0x000002558479ECB0>
    â”” <ProactorEventLoop running=True closed=False debug=False>

  File "C:\Users\HP\AppData\Local\Programs\Python\Python310\lib\asyncio\base_events.py", line 1881, in _run_once
    handle._run()
    â”‚      â”” <function Handle._run at 0x00000255846FE440>
    â”” <Handle Task.task_wakeup(<Future finished result=None>)>

  File "C:\Users\HP\AppData\Local\Programs\Python\Python310\lib\asyncio\events.py", line 80, in _run
    self._context.run(self._callback, *self._args)
    â”‚    â”‚            â”‚    â”‚           â”‚    â”” <member '_args' of 'Handle' objects>
    â”‚    â”‚            â”‚    â”‚           â”” <Handle Task.task_wakeup(<Future finished result=None>)>
    â”‚    â”‚            â”‚    â”” <member '_callback' of 'Handle' objects>
    â”‚    â”‚            â”” <Handle Task.task_wakeup(<Future finished result=None>)>
    â”‚    â”” <member '_context' of 'Handle' objects>
    â”” <Handle Task.task_wakeup(<Future finished result=None>)>

> File "C:\Users\HP\PROJECT_ORACLE_0_NEW\src\engine\main_realtime.py", line 558, in main
    await main_loop(session)
                    â”” ccxt.async_support.bybit()

NameError: name 'main_loop' is not defined
2025-09-13 17:00:21.848 | INFO     | src.engine.main_realtime:main:567 - ===== ì‹¤ì‹œê°„ ê±°ë˜ ì—”ì§„ ì¢…ë£Œ =====
2025-09-13 17:00:37.199 | INFO     | __main__:run_all:25 - í†µí•© ë´‡ ì‹œìŠ¤í…œì„ ì¢…ë£Œí•©ë‹ˆë‹¤.
2025-09-13 17:00:37.200 | INFO     | __main__:<module>:31 - ì‚¬ìš©ìì— ì˜í•´ í”„ë¡œê·¸ë¨ì´ ì¤‘ë‹¨ë˜ì—ˆìŠµë‹ˆë‹¤.
2025-09-13 17:04:04.649 | INFO     | src.engine.main_realtime:preflight_check:510 - í”„ë¦¬í”Œë¼ì´íŠ¸ ì ê²€ ì‹œì‘...
2025-09-13 17:04:06.708 | INFO     | src.engine.main_realtime:preflight_check:513 - ê±°ë˜ ê°€ëŠ¥ ì‹¬ë³¼ ì¡°íšŒ ì¤‘...
2025-09-13 17:04:07.585 | INFO     | src.engine.main_realtime:preflight_check:519 - 2ê°œì˜ ê±°ë˜ ê°€ëŠ¥ ì‹¬ë³¼ì„ ì°¾ì•˜ìŠµë‹ˆë‹¤.
2025-09-13 17:04:07.585 | INFO     | src.engine.main_realtime:preflight_check:521 - ê³„ì • ì”ê³  ì¡°íšŒ ì¤‘...
2025-09-13 17:04:08.088 | INFO     | src.engine.main_realtime:preflight_check:527 - ê³„ì • ì”ê³ : 0.61 USDT
2025-09-13 17:04:08.088 | INFO     | src.engine.main_realtime:preflight_check:529 - í”„ë¦¬í”Œë¼ì´íŠ¸ ì ê²€ í†µê³¼!
2025-09-13 17:04:08.089 | ERROR    | src.engine.main_realtime:main:563 - ë©”ì¸ ì‹¤í–‰ ì¤‘ ì¹˜ëª…ì  ì˜¤ë¥˜: name 'main_loop' is not defined
Traceback (most recent call last):

  File "C:\Users\HP\AppData\Local\Programs\Python\Python310\lib\runpy.py", line 196, in _run_module_as_main
    return _run_code(code, main_globals, None,
           â”‚         â”‚     â”” {'__name__': '__main__', '__doc__': None, '__package__': 'src', '__loader__': <_frozen_importlib_external.SourceFileLoader ob...
           â”‚         â”” <code object <module> at 0x000001B32D8E4030, file "C:\Users\HP\PROJECT_ORACLE_0_NEW\src\main_unified.py", line 1>
           â”” <function _run_code at 0x000001B32D89B370>

  File "C:\Users\HP\AppData\Local\Programs\Python\Python310\lib\runpy.py", line 86, in _run_code
    exec(code, run_globals)
         â”‚     â”” {'__name__': '__main__', '__doc__': None, '__package__': 'src', '__loader__': <_frozen_importlib_external.SourceFileLoader ob...
         â”” <code object <module> at 0x000001B32D8E4030, file "C:\Users\HP\PROJECT_ORACLE_0_NEW\src\main_unified.py", line 1>

  File "C:\Users\HP\PROJECT_ORACLE_0_NEW\src\main_unified.py", line 29, in <module>
    asyncio.run(run_all())
    â”‚       â”‚   â”” <function run_all at 0x000001B32D433E20>
    â”‚       â”” <function run at 0x000001B32E2FB7F0>
    â”” <module 'asyncio' from 'C:\\Users\\HP\\AppData\\Local\\Programs\\Python\\Python310\\lib\\asyncio\\__init__.py'>

  File "C:\Users\HP\AppData\Local\Programs\Python\Python310\lib\asyncio\runners.py", line 44, in run
    return loop.run_until_complete(main)
           â”‚    â”‚                  â”” <coroutine object run_all at 0x000001B3625B5B60>
           â”‚    â”” <function BaseEventLoop.run_until_complete at 0x000001B32E30D240>
           â”” <ProactorEventLoop running=True closed=False debug=False>

  File "C:\Users\HP\AppData\Local\Programs\Python\Python310\lib\asyncio\base_events.py", line 628, in run_until_complete
    self.run_forever()
    â”‚    â”” <function ProactorEventLoop.run_forever at 0x000001B32F9C5E10>
    â”” <ProactorEventLoop running=True closed=False debug=False>

  File "C:\Users\HP\AppData\Local\Programs\Python\Python310\lib\asyncio\windows_events.py", line 316, in run_forever
    super().run_forever()

  File "C:\Users\HP\AppData\Local\Programs\Python\Python310\lib\asyncio\base_events.py", line 595, in run_forever
    self._run_once()
    â”‚    â”” <function BaseEventLoop._run_once at 0x000001B32E30ECB0>
    â”” <ProactorEventLoop running=True closed=False debug=False>

  File "C:\Users\HP\AppData\Local\Programs\Python\Python310\lib\asyncio\base_events.py", line 1881, in _run_once
    handle._run()
    â”‚      â”” <function Handle._run at 0x000001B32E26E440>
    â”” <Handle Task.task_wakeup(<Future finished result=None>)>

  File "C:\Users\HP\AppData\Local\Programs\Python\Python310\lib\asyncio\events.py", line 80, in _run
    self._context.run(self._callback, *self._args)
    â”‚    â”‚            â”‚    â”‚           â”‚    â”” <member '_args' of 'Handle' objects>
    â”‚    â”‚            â”‚    â”‚           â”” <Handle Task.task_wakeup(<Future finished result=None>)>
    â”‚    â”‚            â”‚    â”” <member '_callback' of 'Handle' objects>
    â”‚    â”‚            â”” <Handle Task.task_wakeup(<Future finished result=None>)>
    â”‚    â”” <member '_context' of 'Handle' objects>
    â”” <Handle Task.task_wakeup(<Future finished result=None>)>

> File "C:\Users\HP\PROJECT_ORACLE_0_NEW\src\engine\main_realtime.py", line 558, in main
    await main_loop(session)
                    â”” ccxt.async_support.bybit()

NameError: name 'main_loop' is not defined
2025-09-13 17:04:08.353 | INFO     | src.engine.main_realtime:main:567 - ===== ì‹¤ì‹œê°„ ê±°ë˜ ì—”ì§„ ì¢…ë£Œ =====
2025-09-13 17:04:16.054 | INFO     | __main__:run_all:25 - í†µí•© ë´‡ ì‹œìŠ¤í…œì„ ì¢…ë£Œí•©ë‹ˆë‹¤.
2025-09-13 17:04:16.055 | INFO     | __main__:<module>:31 - ì‚¬ìš©ìì— ì˜í•´ í”„ë¡œê·¸ë¨ì´ ì¤‘ë‹¨ë˜ì—ˆìŠµë‹ˆë‹¤.
2025-09-14 02:54:29.607 | INFO     | src.engine.main_realtime:preflight_check:510 - í”„ë¦¬í”Œë¼ì´íŠ¸ ì ê²€ ì‹œì‘...
2025-09-14 02:54:32.058 | INFO     | src.engine.main_realtime:preflight_check:513 - ê±°ë˜ ê°€ëŠ¥ ì‹¬ë³¼ ì¡°íšŒ ì¤‘...
2025-09-14 02:54:32.956 | INFO     | src.engine.main_realtime:preflight_check:519 - 2ê°œì˜ ê±°ë˜ ê°€ëŠ¥ ì‹¬ë³¼ì„ ì°¾ì•˜ìŠµë‹ˆë‹¤.
2025-09-14 02:54:32.956 | INFO     | src.engine.main_realtime:preflight_check:521 - ê³„ì • ì”ê³  ì¡°íšŒ ì¤‘...
2025-09-14 02:54:33.454 | INFO     | src.engine.main_realtime:preflight_check:527 - ê³„ì • ì”ê³ : 0.61 USDT
2025-09-14 02:54:33.455 | INFO     | src.engine.main_realtime:preflight_check:529 - í”„ë¦¬í”Œë¼ì´íŠ¸ ì ê²€ í†µê³¼!
2025-09-14 02:54:33.455 | INFO     | src.engine.main_realtime:main_loop:539 - ===== ì‹¤ì‹œê°„ ê±°ë˜ ì—”ì§„ ì‹œì‘ =====
2025-09-14 02:54:33.455 | INFO     | src.engine.main_realtime:main_loop:540 - VERSION: MRL-2025-09-12-v5-FIX
2025-09-14 02:54:33.456 | INFO     | src.engine.main_realtime:main_loop:541 - DRY_RUN: True
2025-09-14 02:55:05.262 | INFO     | src.engine.main_realtime:load_and_update_model:501 - ğŸ“ˆ ì „ëµ/ëª¨ë¸ ê°±ì‹ : ppo (1min)
2025-09-14 02:55:05.262 | ERROR    | src.engine.main_realtime:main_loop:652 - ë©”ì¸ ë£¨í”„ì—ì„œ ì˜ˆì™¸ ë°œìƒ: write_engine_status() takes 1 positional argument but 3 were given
Traceback (most recent call last):

  File "C:\Users\HP\AppData\Local\Programs\Python\Python310\lib\runpy.py", line 196, in _run_module_as_main
    return _run_code(code, main_globals, None,
           â”‚         â”‚     â”” {'__name__': '__main__', '__doc__': None, '__package__': 'src', '__loader__': <_frozen_importlib_external.SourceFileLoader ob...
           â”‚         â”” <code object <module> at 0x000001BA7FF44030, file "C:\Users\HP\PROJECT_ORACLE_0_NEW\src\main_unified.py", line 1>
           â”” <function _run_code at 0x000001BA7FEFB370>

  File "C:\Users\HP\AppData\Local\Programs\Python\Python310\lib\runpy.py", line 86, in _run_code
    exec(code, run_globals)
         â”‚     â”” {'__name__': '__main__', '__doc__': None, '__package__': 'src', '__loader__': <_frozen_importlib_external.SourceFileLoader ob...
         â”” <code object <module> at 0x000001BA7FF44030, file "C:\Users\HP\PROJECT_ORACLE_0_NEW\src\main_unified.py", line 1>

  File "C:\Users\HP\PROJECT_ORACLE_0_NEW\src\main_unified.py", line 29, in <module>
    asyncio.run(run_all())
    â”‚       â”‚   â”” <function run_all at 0x000001BA7FDE3E20>
    â”‚       â”” <function run at 0x000001BA0222B7F0>
    â”” <module 'asyncio' from 'C:\\Users\\HP\\AppData\\Local\\Programs\\Python\\Python310\\lib\\asyncio\\__init__.py'>

  File "C:\Users\HP\AppData\Local\Programs\Python\Python310\lib\asyncio\runners.py", line 44, in run
    return loop.run_until_complete(main)
           â”‚    â”‚                  â”” <coroutine object run_all at 0x000001BA34EDE1F0>
           â”‚    â”” <function BaseEventLoop.run_until_complete at 0x000001BA0223D240>
           â”” <ProactorEventLoop running=True closed=False debug=False>

  File "C:\Users\HP\AppData\Local\Programs\Python\Python310\lib\asyncio\base_events.py", line 628, in run_until_complete
    self.run_forever()
    â”‚    â”” <function ProactorEventLoop.run_forever at 0x000001BA022F5E10>
    â”” <ProactorEventLoop running=True closed=False debug=False>

  File "C:\Users\HP\AppData\Local\Programs\Python\Python310\lib\asyncio\windows_events.py", line 316, in run_forever
    super().run_forever()

  File "C:\Users\HP\AppData\Local\Programs\Python\Python310\lib\asyncio\base_events.py", line 595, in run_forever
    self._run_once()
    â”‚    â”” <function BaseEventLoop._run_once at 0x000001BA0223ECB0>
    â”” <ProactorEventLoop running=True closed=False debug=False>

  File "C:\Users\HP\AppData\Local\Programs\Python\Python310\lib\asyncio\base_events.py", line 1881, in _run_once
    handle._run()
    â”‚      â”” <function Handle._run at 0x000001BA0219E440>
    â”” <Handle Task.task_wakeup(<Future finished result=None>)>

  File "C:\Users\HP\AppData\Local\Programs\Python\Python310\lib\asyncio\events.py", line 80, in _run
    self._context.run(self._callback, *self._args)
    â”‚    â”‚            â”‚    â”‚           â”‚    â”” <member '_args' of 'Handle' objects>
    â”‚    â”‚            â”‚    â”‚           â”” <Handle Task.task_wakeup(<Future finished result=None>)>
    â”‚    â”‚            â”‚    â”” <member '_callback' of 'Handle' objects>
    â”‚    â”‚            â”” <Handle Task.task_wakeup(<Future finished result=None>)>
    â”‚    â”” <member '_context' of 'Handle' objects>
    â”” <Handle Task.task_wakeup(<Future finished result=None>)>

  File "C:\Users\HP\PROJECT_ORACLE_0_NEW\src\engine\main_realtime.py", line 683, in main
    await main_loop(session)
          â”‚         â”” ccxt.async_support.bybit()
          â”” <function main_loop at 0x000001BA30E4D990>

> File "C:\Users\HP\PROJECT_ORACLE_0_NEW\src\engine\main_realtime.py", line 556, in main_loop
    write_engine_status("SCANNING", "ê±°ë˜ ëŒ€ìƒ ìŠ¤ìº” ì¤‘", now_kst_str())
    â”‚                                             â”” <function now_kst_str at 0x000001BA30E4E9E0>
    â”” <function write_engine_status at 0x000001BA30A3EF80>

TypeError: write_engine_status() takes 1 positional argument but 3 were given
2025-09-14 02:55:05.323 | INFO     | src.engine.main_realtime:command_check_loop:324 - ëª…ë ¹ì–´ ì²˜ë¦¬ ë£¨í”„ ì‹œì‘.
2025-09-14 02:56:05.329 | ERROR    | src.engine.main_realtime:main_loop:652 - ë©”ì¸ ë£¨í”„ì—ì„œ ì˜ˆì™¸ ë°œìƒ: write_engine_status() takes 1 positional argument but 3 were given
Traceback (most recent call last):

  File "C:\Users\HP\AppData\Local\Programs\Python\Python310\lib\runpy.py", line 196, in _run_module_as_main
    return _run_code(code, main_globals, None,
           â”‚         â”‚     â”” {'__name__': '__main__', '__doc__': None, '__package__': 'src', '__loader__': <_frozen_importlib_external.SourceFileLoader ob...
           â”‚         â”” <code object <module> at 0x000001BA7FF44030, file "C:\Users\HP\PROJECT_ORACLE_0_NEW\src\main_unified.py", line 1>
           â”” <function _run_code at 0x000001BA7FEFB370>

  File "C:\Users\HP\AppData\Local\Programs\Python\Python310\lib\runpy.py", line 86, in _run_code
    exec(code, run_globals)
         â”‚     â”” {'__name__': '__main__', '__doc__': None, '__package__': 'src', '__loader__': <_frozen_importlib_external.SourceFileLoader ob...
         â”” <code object <module> at 0x000001BA7FF44030, file "C:\Users\HP\PROJECT_ORACLE_0_NEW\src\main_unified.py", line 1>

  File "C:\Users\HP\PROJECT_ORACLE_0_NEW\src\main_unified.py", line 29, in <module>
    asyncio.run(run_all())
    â”‚       â”‚   â”” <function run_all at 0x000001BA7FDE3E20>
    â”‚       â”” <function run at 0x000001BA0222B7F0>
    â”” <module 'asyncio' from 'C:\\Users\\HP\\AppData\\Local\\Programs\\Python\\Python310\\lib\\asyncio\\__init__.py'>

  File "C:\Users\HP\AppData\Local\Programs\Python\Python310\lib\asyncio\runners.py", line 44, in run
    return loop.run_until_complete(main)
           â”‚    â”‚                  â”” <coroutine object run_all at 0x000001BA34EDE1F0>
           â”‚    â”” <function BaseEventLoop.run_until_complete at 0x000001BA0223D240>
           â”” <ProactorEventLoop running=True closed=False debug=False>

  File "C:\Users\HP\AppData\Local\Programs\Python\Python310\lib\asyncio\base_events.py", line 628, in run_until_complete
    self.run_forever()
    â”‚    â”” <function ProactorEventLoop.run_forever at 0x000001BA022F5E10>
    â”” <ProactorEventLoop running=True closed=False debug=False>

  File "C:\Users\HP\AppData\Local\Programs\Python\Python310\lib\asyncio\windows_events.py", line 316, in run_forever
    super().run_forever()

  File "C:\Users\HP\AppData\Local\Programs\Python\Python310\lib\asyncio\base_events.py", line 595, in run_forever
    self._run_once()
    â”‚    â”” <function BaseEventLoop._run_once at 0x000001BA0223ECB0>
    â”” <ProactorEventLoop running=True closed=False debug=False>

  File "C:\Users\HP\AppData\Local\Programs\Python\Python310\lib\asyncio\base_events.py", line 1881, in _run_once
    handle._run()
    â”‚      â”” <function Handle._run at 0x000001BA0219E440>
    â”” <Handle Task.task_wakeup(<Future finished result=None>)>

  File "C:\Users\HP\AppData\Local\Programs\Python\Python310\lib\asyncio\events.py", line 80, in _run
    self._context.run(self._callback, *self._args)
    â”‚    â”‚            â”‚    â”‚           â”‚    â”” <member '_args' of 'Handle' objects>
    â”‚    â”‚            â”‚    â”‚           â”” <Handle Task.task_wakeup(<Future finished result=None>)>
    â”‚    â”‚            â”‚    â”” <member '_callback' of 'Handle' objects>
    â”‚    â”‚            â”” <Handle Task.task_wakeup(<Future finished result=None>)>
    â”‚    â”” <member '_context' of 'Handle' objects>
    â”” <Handle Task.task_wakeup(<Future finished result=None>)>

  File "C:\Users\HP\PROJECT_ORACLE_0_NEW\src\engine\main_realtime.py", line 683, in main
    await main_loop(session)
          â”‚         â”” ccxt.async_support.bybit()
          â”” <function main_loop at 0x000001BA30E4D990>

> File "C:\Users\HP\PROJECT_ORACLE_0_NEW\src\engine\main_realtime.py", line 556, in main_loop
    write_engine_status("SCANNING", "ê±°ë˜ ëŒ€ìƒ ìŠ¤ìº” ì¤‘", now_kst_str())
    â”‚                                             â”” <function now_kst_str at 0x000001BA30E4E9E0>
    â”” <function write_engine_status at 0x000001BA30A3EF80>

TypeError: write_engine_status() takes 1 positional argument but 3 were given
2025-09-14 02:56:37.385 | ERROR    | src.engine.main_realtime:main_loop:652 - ë©”ì¸ ë£¨í”„ì—ì„œ ì˜ˆì™¸ ë°œìƒ: write_engine_status() takes 1 positional argument but 3 were given
Traceback (most recent call last):

  File "C:\Users\HP\AppData\Local\Programs\Python\Python310\lib\asyncio\runners.py", line 44, in run
    return loop.run_until_complete(main)
           â”‚    â”‚                  â”” <coroutine object run_all at 0x000001BA34EDE1F0>
           â”‚    â”” <function BaseEventLoop.run_until_complete at 0x000001BA0223D240>
           â”” <ProactorEventLoop running=True closed=False debug=False>

  File "C:\Users\HP\AppData\Local\Programs\Python\Python310\lib\asyncio\base_events.py", line 628, in run_until_complete
    self.run_forever()
    â”‚    â”” <function ProactorEventLoop.run_forever at 0x000001BA022F5E10>
    â”” <ProactorEventLoop running=True closed=False debug=False>

  File "C:\Users\HP\AppData\Local\Programs\Python\Python310\lib\asyncio\windows_events.py", line 316, in run_forever
    super().run_forever()

  File "C:\Users\HP\AppData\Local\Programs\Python\Python310\lib\asyncio\base_events.py", line 595, in run_forever
    self._run_once()
    â”‚    â”” <function BaseEventLoop._run_once at 0x000001BA0223ECB0>
    â”” <ProactorEventLoop running=True closed=False debug=False>

  File "C:\Users\HP\AppData\Local\Programs\Python\Python310\lib\asyncio\base_events.py", line 1845, in _run_once
    event_list = self._selector.select(timeout)
                 â”‚    â”‚         â”‚      â”” 0.5160000000032596
                 â”‚    â”‚         â”” <function IocpProactor.select at 0x000001BA022F6290>
                 â”‚    â”” <IocpProactor overlapped#=1 result#=0>
                 â”” <ProactorEventLoop running=True closed=False debug=False>

  File "C:\Users\HP\AppData\Local\Programs\Python\Python310\lib\asyncio\windows_events.py", line 434, in select
    self._poll(timeout)
    â”‚    â”‚     â”” 0.5160000000032596
    â”‚    â”” <function IocpProactor._poll at 0x000001BA022F6D40>
    â”” <IocpProactor overlapped#=1 result#=0>

  File "C:\Users\HP\AppData\Local\Programs\Python\Python310\lib\asyncio\windows_events.py", line 783, in _poll
    status = _overlapped.GetQueuedCompletionStatus(self._iocp, ms)
             â”‚           â”‚                         â”‚    â”‚      â”” 517
             â”‚           â”‚                         â”‚    â”” 2692
             â”‚           â”‚                         â”” <IocpProactor overlapped#=1 result#=0>
             â”‚           â”” <built-in function GetQueuedCompletionStatus>
             â”” <module '_overlapped' from 'C:\\Users\\HP\\AppData\\Local\\Programs\\Python\\Python310\\DLLs\\_overlapped.pyd'>

KeyboardInterrupt


During handling of the above exception, another exception occurred:


Traceback (most recent call last):

  File "C:\Users\HP\PROJECT_ORACLE_0_NEW\src\engine\main_realtime.py", line 683, in main
    await main_loop(session)
          â”‚         â”” ccxt.async_support.bybit()
          â”” <function main_loop at 0x000001BA30E4D990>

> File "C:\Users\HP\PROJECT_ORACLE_0_NEW\src\engine\main_realtime.py", line 556, in main_loop
    write_engine_status("SCANNING", "ê±°ë˜ ëŒ€ìƒ ìŠ¤ìº” ì¤‘", now_kst_str())
    â”‚                                             â”” <function now_kst_str at 0x000001BA30E4E9E0>
    â”” <function write_engine_status at 0x000001BA30A3EF80>

TypeError: write_engine_status() takes 1 positional argument but 3 were given
2025-09-14 02:56:37.648 | INFO     | __main__:run_all:25 - í†µí•© ë´‡ ì‹œìŠ¤í…œì„ ì¢…ë£Œí•©ë‹ˆë‹¤.
2025-09-14 02:56:41.130 | INFO     | __main__:<module>:31 - ì‚¬ìš©ìì— ì˜í•´ í”„ë¡œê·¸ë¨ì´ ì¤‘ë‹¨ë˜ì—ˆìŠµë‹ˆë‹¤.
2025-09-14 02:57:32.093 | INFO     | src.engine.main_realtime:preflight_check:510 - í”„ë¦¬í”Œë¼ì´íŠ¸ ì ê²€ ì‹œì‘...
2025-09-14 02:57:34.187 | INFO     | src.engine.main_realtime:preflight_check:513 - ê±°ë˜ ê°€ëŠ¥ ì‹¬ë³¼ ì¡°íšŒ ì¤‘...
2025-09-14 02:57:35.084 | INFO     | src.engine.main_realtime:preflight_check:519 - 2ê°œì˜ ê±°ë˜ ê°€ëŠ¥ ì‹¬ë³¼ì„ ì°¾ì•˜ìŠµë‹ˆë‹¤.
2025-09-14 02:57:35.084 | INFO     | src.engine.main_realtime:preflight_check:521 - ê³„ì • ì”ê³  ì¡°íšŒ ì¤‘...
2025-09-14 02:57:35.566 | INFO     | src.engine.main_realtime:preflight_check:527 - ê³„ì • ì”ê³ : 0.61 USDT
2025-09-14 02:57:35.568 | INFO     | src.engine.main_realtime:preflight_check:529 - í”„ë¦¬í”Œë¼ì´íŠ¸ ì ê²€ í†µê³¼!
2025-09-14 02:57:35.568 | INFO     | src.engine.main_realtime:main_loop:539 - ===== ì‹¤ì‹œê°„ ê±°ë˜ ì—”ì§„ ì‹œì‘ =====
2025-09-14 02:57:35.568 | INFO     | src.engine.main_realtime:main_loop:540 - VERSION: MRL-2025-09-12-v5-FIX
2025-09-14 02:57:35.568 | INFO     | src.engine.main_realtime:main_loop:541 - DRY_RUN: True
2025-09-14 02:58:01.152 | INFO     | src.engine.main_realtime:load_and_update_model:501 - ğŸ“ˆ ì „ëµ/ëª¨ë¸ ê°±ì‹ : ppo (1min)
2025-09-14 02:58:01.153 | INFO     | src.engine.main_realtime:command_check_loop:324 - ëª…ë ¹ì–´ ì²˜ë¦¬ ë£¨í”„ ì‹œì‘.
2025-09-14 02:58:01.967 | ERROR    | src.engine.main_realtime:main_loop:652 - ë©”ì¸ ë£¨í”„ì—ì„œ ì˜ˆì™¸ ë°œìƒ: get_longest_indicator_period() takes 0 positional arguments but 1 was given
Traceback (most recent call last):

  File "C:\Users\HP\AppData\Local\Programs\Python\Python310\lib\runpy.py", line 196, in _run_module_as_main
    return _run_code(code, main_globals, None,
           â”‚         â”‚     â”” {'__name__': '__main__', '__doc__': None, '__package__': 'src', '__loader__': <_frozen_importlib_external.SourceFileLoader ob...
           â”‚         â”” <code object <module> at 0x0000019410D34030, file "C:\Users\HP\PROJECT_ORACLE_0_NEW\src\main_unified.py", line 1>
           â”” <function _run_code at 0x0000019410CEB370>

  File "C:\Users\HP\AppData\Local\Programs\Python\Python310\lib\runpy.py", line 86, in _run_code
    exec(code, run_globals)
         â”‚     â”” {'__name__': '__main__', '__doc__': None, '__package__': 'src', '__loader__': <_frozen_importlib_external.SourceFileLoader ob...
         â”” <code object <module> at 0x0000019410D34030, file "C:\Users\HP\PROJECT_ORACLE_0_NEW\src\main_unified.py", line 1>

  File "C:\Users\HP\PROJECT_ORACLE_0_NEW\src\main_unified.py", line 29, in <module>
    asyncio.run(run_all())
    â”‚       â”‚   â”” <function run_all at 0x0000019410BD3E20>
    â”‚       â”” <function run at 0x0000019412C5B7F0>
    â”” <module 'asyncio' from 'C:\\Users\\HP\\AppData\\Local\\Programs\\Python\\Python310\\lib\\asyncio\\__init__.py'>

  File "C:\Users\HP\AppData\Local\Programs\Python\Python310\lib\asyncio\runners.py", line 44, in run
    return loop.run_until_complete(main)
           â”‚    â”‚                  â”” <coroutine object run_all at 0x0000019445942260>
           â”‚    â”” <function BaseEventLoop.run_until_complete at 0x0000019412C6D240>
           â”” <ProactorEventLoop running=True closed=False debug=False>

  File "C:\Users\HP\AppData\Local\Programs\Python\Python310\lib\asyncio\base_events.py", line 628, in run_until_complete
    self.run_forever()
    â”‚    â”” <function ProactorEventLoop.run_forever at 0x0000019412D25E10>
    â”” <ProactorEventLoop running=True closed=False debug=False>

  File "C:\Users\HP\AppData\Local\Programs\Python\Python310\lib\asyncio\windows_events.py", line 316, in run_forever
    super().run_forever()

  File "C:\Users\HP\AppData\Local\Programs\Python\Python310\lib\asyncio\base_events.py", line 595, in run_forever
    self._run_once()
    â”‚    â”” <function BaseEventLoop._run_once at 0x0000019412C6ECB0>
    â”” <ProactorEventLoop running=True closed=False debug=False>

  File "C:\Users\HP\AppData\Local\Programs\Python\Python310\lib\asyncio\base_events.py", line 1881, in _run_once
    handle._run()
    â”‚      â”” <function Handle._run at 0x0000019412BCE440>
    â”” <Handle Task.task_wakeup(<_GatheringFu..., ...}, ...]]>)>

  File "C:\Users\HP\AppData\Local\Programs\Python\Python310\lib\asyncio\events.py", line 80, in _run
    self._context.run(self._callback, *self._args)
    â”‚    â”‚            â”‚    â”‚           â”‚    â”” <member '_args' of 'Handle' objects>
    â”‚    â”‚            â”‚    â”‚           â”” <Handle Task.task_wakeup(<_GatheringFu..., ...}, ...]]>)>
    â”‚    â”‚            â”‚    â”” <member '_callback' of 'Handle' objects>
    â”‚    â”‚            â”” <Handle Task.task_wakeup(<_GatheringFu..., ...}, ...]]>)>
    â”‚    â”” <member '_context' of 'Handle' objects>
    â”” <Handle Task.task_wakeup(<_GatheringFu..., ...}, ...]]>)>

  File "C:\Users\HP\PROJECT_ORACLE_0_NEW\src\engine\main_realtime.py", line 683, in main
    await main_loop(session)
          â”‚         â”” ccxt.async_support.bybit()
          â”” <function main_loop at 0x00000194418B5900>

> File "C:\Users\HP\PROJECT_ORACLE_0_NEW\src\engine\main_realtime.py", line 569, in main_loop
    longest_period = get_longest_indicator_period(strategy_name)
                     â”‚                            â”” 'ppo'
                     â”” <function get_longest_indicator_period at 0x000001944149BC70>

TypeError: get_longest_indicator_period() takes 0 positional arguments but 1 was given
2025-09-14 02:58:25.950 | INFO     | __main__:run_all:25 - í†µí•© ë´‡ ì‹œìŠ¤í…œì„ ì¢…ë£Œí•©ë‹ˆë‹¤.
2025-09-14 02:58:26.720 | ERROR    | src.engine.main_realtime:main_loop:652 - ë©”ì¸ ë£¨í”„ì—ì„œ ì˜ˆì™¸ ë°œìƒ: get_longest_indicator_period() takes 0 positional arguments but 1 was given
Traceback (most recent call last):

  File "C:\Users\HP\AppData\Local\Programs\Python\Python310\lib\asyncio\runners.py", line 44, in run
    return loop.run_until_complete(main)
           â”‚    â”‚                  â”” <coroutine object run_all at 0x0000019445942260>
           â”‚    â”” <function BaseEventLoop.run_until_complete at 0x0000019412C6D240>
           â”” <ProactorEventLoop running=True closed=False debug=False>

  File "C:\Users\HP\AppData\Local\Programs\Python\Python310\lib\asyncio\base_events.py", line 628, in run_until_complete
    self.run_forever()
    â”‚    â”” <function ProactorEventLoop.run_forever at 0x0000019412D25E10>
    â”” <ProactorEventLoop running=True closed=False debug=False>

  File "C:\Users\HP\AppData\Local\Programs\Python\Python310\lib\asyncio\windows_events.py", line 316, in run_forever
    super().run_forever()

  File "C:\Users\HP\AppData\Local\Programs\Python\Python310\lib\asyncio\base_events.py", line 595, in run_forever
    self._run_once()
    â”‚    â”” <function BaseEventLoop._run_once at 0x0000019412C6ECB0>
    â”” <ProactorEventLoop running=True closed=False debug=False>

  File "C:\Users\HP\AppData\Local\Programs\Python\Python310\lib\asyncio\base_events.py", line 1845, in _run_once
    event_list = self._selector.select(timeout)
                 â”‚    â”‚         â”‚      â”” 1.0
                 â”‚    â”‚         â”” <function IocpProactor.select at 0x0000019412D26290>
                 â”‚    â”” <IocpProactor overlapped#=5 result#=0>
                 â”” <ProactorEventLoop running=True closed=False debug=False>

  File "C:\Users\HP\AppData\Local\Programs\Python\Python310\lib\asyncio\windows_events.py", line 434, in select
    self._poll(timeout)
    â”‚    â”‚     â”” 1.0
    â”‚    â”” <function IocpProactor._poll at 0x0000019412D26D40>
    â”” <IocpProactor overlapped#=5 result#=0>

  File "C:\Users\HP\AppData\Local\Programs\Python\Python310\lib\asyncio\windows_events.py", line 783, in _poll
    status = _overlapped.GetQueuedCompletionStatus(self._iocp, ms)
             â”‚           â”‚                         â”‚    â”‚      â”” 1000
             â”‚           â”‚                         â”‚    â”” 424
             â”‚           â”‚                         â”” <IocpProactor overlapped#=5 result#=0>
             â”‚           â”” <built-in function GetQueuedCompletionStatus>
             â”” <module '_overlapped' from 'C:\\Users\\HP\\AppData\\Local\\Programs\\Python\\Python310\\DLLs\\_overlapped.pyd'>

KeyboardInterrupt


During handling of the above exception, another exception occurred:


Traceback (most recent call last):

  File "C:\Users\HP\AppData\Local\Programs\Python\Python310\lib\runpy.py", line 196, in _run_module_as_main
    return _run_code(code, main_globals, None,
           â”‚         â”‚     â”” {'__name__': '__main__', '__doc__': None, '__package__': 'src', '__loader__': <_frozen_importlib_external.SourceFileLoader ob...
           â”‚         â”” <code object <module> at 0x0000019410D34030, file "C:\Users\HP\PROJECT_ORACLE_0_NEW\src\main_unified.py", line 1>
           â”” <function _run_code at 0x0000019410CEB370>

  File "C:\Users\HP\AppData\Local\Programs\Python\Python310\lib\runpy.py", line 86, in _run_code
    exec(code, run_globals)
         â”‚     â”” {'__name__': '__main__', '__doc__': None, '__package__': 'src', '__loader__': <_frozen_importlib_external.SourceFileLoader ob...
         â”” <code object <module> at 0x0000019410D34030, file "C:\Users\HP\PROJECT_ORACLE_0_NEW\src\main_unified.py", line 1>

  File "C:\Users\HP\PROJECT_ORACLE_0_NEW\src\main_unified.py", line 29, in <module>
    asyncio.run(run_all())
    â”‚       â”‚   â”” <function run_all at 0x0000019410BD3E20>
    â”‚       â”” <function run at 0x0000019412C5B7F0>
    â”” <module 'asyncio' from 'C:\\Users\\HP\\AppData\\Local\\Programs\\Python\\Python310\\lib\\asyncio\\__init__.py'>

  File "C:\Users\HP\AppData\Local\Programs\Python\Python310\lib\asyncio\runners.py", line 47, in run
    _cancel_all_tasks(loop)
    â”‚                 â”” <ProactorEventLoop running=True closed=False debug=False>
    â”” <function _cancel_all_tasks at 0x0000019410F62CB0>

  File "C:\Users\HP\AppData\Local\Programs\Python\Python310\lib\asyncio\runners.py", line 63, in _cancel_all_tasks
    loop.run_until_complete(tasks.gather(*to_cancel, return_exceptions=True))
    â”‚    â”‚                  â”‚     â”‚       â”” {<Task pending name='Task-2' coro=<main() running at C:\Users\HP\PROJECT_ORACLE_0_NEW\src\engine\main_realtime.py:683> cb=[ga...
    â”‚    â”‚                  â”‚     â”” <function gather at 0x0000019412C596C0>
    â”‚    â”‚                  â”” <module 'asyncio.tasks' from 'C:\\Users\\HP\\AppData\\Local\\Programs\\Python\\Python310\\lib\\asyncio\\tasks.py'>
    â”‚    â”” <function BaseEventLoop.run_until_complete at 0x0000019412C6D240>
    â”” <ProactorEventLoop running=True closed=False debug=False>

  File "C:\Users\HP\AppData\Local\Programs\Python\Python310\lib\asyncio\base_events.py", line 628, in run_until_complete
    self.run_forever()
    â”‚    â”” <function ProactorEventLoop.run_forever at 0x0000019412D25E10>
    â”” <ProactorEventLoop running=True closed=False debug=False>

  File "C:\Users\HP\AppData\Local\Programs\Python\Python310\lib\asyncio\windows_events.py", line 316, in run_forever
    super().run_forever()

  File "C:\Users\HP\AppData\Local\Programs\Python\Python310\lib\asyncio\base_events.py", line 595, in run_forever
    self._run_once()
    â”‚    â”” <function BaseEventLoop._run_once at 0x0000019412C6ECB0>
    â”” <ProactorEventLoop running=True closed=False debug=False>

  File "C:\Users\HP\AppData\Local\Programs\Python\Python310\lib\asyncio\base_events.py", line 1881, in _run_once
    handle._run()
    â”‚      â”” <function Handle._run at 0x0000019412BCE440>
    â”” <Handle Task.task_wakeup(<_GatheringFu..., ...}, ...]]>)>

  File "C:\Users\HP\AppData\Local\Programs\Python\Python310\lib\asyncio\events.py", line 80, in _run
    self._context.run(self._callback, *self._args)
    â”‚    â”‚            â”‚    â”‚           â”‚    â”” <member '_args' of 'Handle' objects>
    â”‚    â”‚            â”‚    â”‚           â”” <Handle Task.task_wakeup(<_GatheringFu..., ...}, ...]]>)>
    â”‚    â”‚            â”‚    â”” <member '_callback' of 'Handle' objects>
    â”‚    â”‚            â”” <Handle Task.task_wakeup(<_GatheringFu..., ...}, ...]]>)>
    â”‚    â”” <member '_context' of 'Handle' objects>
    â”” <Handle Task.task_wakeup(<_GatheringFu..., ...}, ...]]>)>

  File "C:\Users\HP\PROJECT_ORACLE_0_NEW\src\engine\main_realtime.py", line 683, in main
    await main_loop(session)
          â”‚         â”” ccxt.async_support.bybit()
          â”” <function main_loop at 0x00000194418B5900>

> File "C:\Users\HP\PROJECT_ORACLE_0_NEW\src\engine\main_realtime.py", line 569, in main_loop
    longest_period = get_longest_indicator_period(strategy_name)
                     â”‚                            â”” 'ppo'
                     â”” <function get_longest_indicator_period at 0x000001944149BC70>

TypeError: get_longest_indicator_period() takes 0 positional arguments but 1 was given
2025-09-14 02:58:27.157 | INFO     | __main__:<module>:31 - ì‚¬ìš©ìì— ì˜í•´ í”„ë¡œê·¸ë¨ì´ ì¤‘ë‹¨ë˜ì—ˆìŠµë‹ˆë‹¤.
2025-09-14 02:59:21.050 | INFO     | src.engine.main_realtime:preflight_check:510 - í”„ë¦¬í”Œë¼ì´íŠ¸ ì ê²€ ì‹œì‘...
2025-09-14 02:59:23.197 | INFO     | src.engine.main_realtime:preflight_check:513 - ê±°ë˜ ê°€ëŠ¥ ì‹¬ë³¼ ì¡°íšŒ ì¤‘...
2025-09-14 02:59:24.075 | INFO     | src.engine.main_realtime:preflight_check:519 - 2ê°œì˜ ê±°ë˜ ê°€ëŠ¥ ì‹¬ë³¼ì„ ì°¾ì•˜ìŠµë‹ˆë‹¤.
2025-09-14 02:59:24.076 | INFO     | src.engine.main_realtime:preflight_check:521 - ê³„ì • ì”ê³  ì¡°íšŒ ì¤‘...
2025-09-14 02:59:24.564 | INFO     | src.engine.main_realtime:preflight_check:527 - ê³„ì • ì”ê³ : 0.61 USDT
2025-09-14 02:59:24.564 | INFO     | src.engine.main_realtime:preflight_check:529 - í”„ë¦¬í”Œë¼ì´íŠ¸ ì ê²€ í†µê³¼!
2025-09-14 02:59:24.564 | INFO     | src.engine.main_realtime:main_loop:539 - ===== ì‹¤ì‹œê°„ ê±°ë˜ ì—”ì§„ ì‹œì‘ =====
2025-09-14 02:59:24.565 | INFO     | src.engine.main_realtime:main_loop:540 - VERSION: MRL-2025-09-12-v5-FIX
2025-09-14 02:59:24.565 | INFO     | src.engine.main_realtime:main_loop:541 - DRY_RUN: True
2025-09-14 02:59:50.588 | INFO     | src.engine.main_realtime:load_and_update_model:501 - ğŸ“ˆ ì „ëµ/ëª¨ë¸ ê°±ì‹ : ppo (1min)
2025-09-14 02:59:50.588 | INFO     | src.engine.main_realtime:command_check_loop:324 - ëª…ë ¹ì–´ ì²˜ë¦¬ ë£¨í”„ ì‹œì‘.
2025-09-14 02:59:51.408 | WARNING  | src.engine.main_realtime:fetch_and_process:583 - [BTC/USDT:USDT] í”¼ì²˜ ì¶”ì¶œ ì‹¤íŒ¨: combine_mtf_features() takes 1 positional argument but 4 were given
2025-09-14 02:59:51.410 | WARNING  | src.engine.main_realtime:fetch_and_process:583 - [ETH/USDT:USDT] í”¼ì²˜ ì¶”ì¶œ ì‹¤íŒ¨: combine_mtf_features() takes 1 positional argument but 4 were given
2025-09-14 02:59:51.410 | INFO     | src.engine.main_realtime:main_loop:592 - ìœ íš¨í•œ í”¼ì²˜ë¥¼ ê°€ì§„ ì‹¬ë³¼ì´ ì—†ìŠµë‹ˆë‹¤. ë‹¤ìŒ ì‚¬ì´í´ê¹Œì§€ ëŒ€ê¸°í•©ë‹ˆë‹¤.
2025-09-14 03:00:08.545 | INFO     | __main__:run_all:25 - í†µí•© ë´‡ ì‹œìŠ¤í…œì„ ì¢…ë£Œí•©ë‹ˆë‹¤.
2025-09-14 03:00:09.201 | WARNING  | src.engine.main_realtime:fetch_and_process:583 - [BTC/USDT:USDT] í”¼ì²˜ ì¶”ì¶œ ì‹¤íŒ¨: combine_mtf_features() takes 1 positional argument but 4 were given
2025-09-14 03:00:09.202 | WARNING  | src.engine.main_realtime:fetch_and_process:583 - [ETH/USDT:USDT] í”¼ì²˜ ì¶”ì¶œ ì‹¤íŒ¨: combine_mtf_features() takes 1 positional argument but 4 were given
2025-09-14 03:00:09.202 | INFO     | src.engine.main_realtime:main_loop:592 - ìœ íš¨í•œ í”¼ì²˜ë¥¼ ê°€ì§„ ì‹¬ë³¼ì´ ì—†ìŠµë‹ˆë‹¤. ë‹¤ìŒ ì‚¬ì´í´ê¹Œì§€ ëŒ€ê¸°í•©ë‹ˆë‹¤.
2025-09-14 03:00:12.501 | INFO     | __main__:<module>:31 - ì‚¬ìš©ìì— ì˜í•´ í”„ë¡œê·¸ë¨ì´ ì¤‘ë‹¨ë˜ì—ˆìŠµë‹ˆë‹¤.
2025-09-14 03:00:54.028 | INFO     | src.engine.main_realtime:preflight_check:510 - í”„ë¦¬í”Œë¼ì´íŠ¸ ì ê²€ ì‹œì‘...
2025-09-14 03:00:56.210 | INFO     | src.engine.main_realtime:preflight_check:513 - ê±°ë˜ ê°€ëŠ¥ ì‹¬ë³¼ ì¡°íšŒ ì¤‘...
2025-09-14 03:00:57.106 | INFO     | src.engine.main_realtime:preflight_check:519 - 2ê°œì˜ ê±°ë˜ ê°€ëŠ¥ ì‹¬ë³¼ì„ ì°¾ì•˜ìŠµë‹ˆë‹¤.
2025-09-14 03:00:57.107 | INFO     | src.engine.main_realtime:preflight_check:521 - ê³„ì • ì”ê³  ì¡°íšŒ ì¤‘...
2025-09-14 03:00:57.593 | INFO     | src.engine.main_realtime:preflight_check:527 - ê³„ì • ì”ê³ : 0.61 USDT
2025-09-14 03:00:57.593 | INFO     | src.engine.main_realtime:preflight_check:529 - í”„ë¦¬í”Œë¼ì´íŠ¸ ì ê²€ í†µê³¼!
2025-09-14 03:00:57.593 | INFO     | src.engine.main_realtime:main_loop:539 - ===== ì‹¤ì‹œê°„ ê±°ë˜ ì—”ì§„ ì‹œì‘ =====
2025-09-14 03:00:57.594 | INFO     | src.engine.main_realtime:main_loop:540 - VERSION: MRL-2025-09-12-v5-FIX
2025-09-14 03:00:57.594 | INFO     | src.engine.main_realtime:main_loop:541 - DRY_RUN: True
2025-09-14 03:01:22.608 | INFO     | src.engine.main_realtime:load_and_update_model:501 - ğŸ“ˆ ì „ëµ/ëª¨ë¸ ê°±ì‹ : ppo (1min)
2025-09-14 03:01:22.610 | INFO     | src.engine.main_realtime:command_check_loop:324 - ëª…ë ¹ì–´ ì²˜ë¦¬ ë£¨í”„ ì‹œì‘.
2025-09-14 03:04:06.326 | INFO     | src.engine.main_realtime:preflight_check:510 - í”„ë¦¬í”Œë¼ì´íŠ¸ ì ê²€ ì‹œì‘...
2025-09-14 03:04:08.424 | INFO     | src.engine.main_realtime:preflight_check:513 - ê±°ë˜ ê°€ëŠ¥ ì‹¬ë³¼ ì¡°íšŒ ì¤‘...
2025-09-14 03:04:09.431 | INFO     | src.engine.main_realtime:preflight_check:519 - 2ê°œì˜ ê±°ë˜ ê°€ëŠ¥ ì‹¬ë³¼ì„ ì°¾ì•˜ìŠµë‹ˆë‹¤.
2025-09-14 03:04:09.431 | INFO     | src.engine.main_realtime:preflight_check:521 - ê³„ì • ì”ê³  ì¡°íšŒ ì¤‘...
2025-09-14 03:04:09.916 | INFO     | src.engine.main_realtime:preflight_check:527 - ê³„ì • ì”ê³ : 0.61 USDT
2025-09-14 03:04:09.916 | INFO     | src.engine.main_realtime:preflight_check:529 - í”„ë¦¬í”Œë¼ì´íŠ¸ ì ê²€ í†µê³¼!
2025-09-14 03:04:09.917 | INFO     | src.engine.main_realtime:main_loop:539 - ===== ì‹¤ì‹œê°„ ê±°ë˜ ì—”ì§„ ì‹œì‘ =====
2025-09-14 03:04:09.917 | INFO     | src.engine.main_realtime:main_loop:540 - VERSION: MRL-2025-09-12-v5-FIX
2025-09-14 03:04:09.917 | INFO     | src.engine.main_realtime:main_loop:541 - DRY_RUN: True
2025-09-14 03:04:36.209 | INFO     | src.engine.main_realtime:load_and_update_model:501 - ğŸ“ˆ ì „ëµ/ëª¨ë¸ ê°±ì‹ : ppo (1min)
2025-09-14 03:04:36.210 | INFO     | src.engine.main_realtime:command_check_loop:324 - ëª…ë ¹ì–´ ì²˜ë¦¬ ë£¨í”„ ì‹œì‘.
2025-09-14 03:05:01.185 | ERROR    | src.engine.main_realtime:fetch_candles:403 - [ETH/USDT:USDT] ìº”ë“¤ ì¡°íšŒ ì‹¤íŒ¨: bybit GET https://api.bybit.com/v5/market/kline?symbol=ETHUSDT&limit=20000&interval=1&category=linear
Traceback (most recent call last):

  File "C:\Users\HP\PROJECT_ORACLE_0_NEW\trading_env\lib\site-packages\aiohttp\client_reqrep.py", line 532, in start
    message, payload = await protocol.read()  # type: ignore[union-attr]
                             â”‚        â”” <function DataQueue.read at 0x000001D77E6A52D0>
                             â”” <aiohttp.client_proto.ResponseHandler object at 0x000001D70E4137C0>

  File "C:\Users\HP\PROJECT_ORACLE_0_NEW\trading_env\lib\site-packages\aiohttp\streams.py", line 672, in read
    await self._waiter
          â”‚    â”” None
          â”” <aiohttp.client_proto.ResponseHandler object at 0x000001D70E4137C0>

asyncio.exceptions.CancelledError


The above exception was the direct cause of the following exception:


Traceback (most recent call last):

  File "C:\Users\HP\PROJECT_ORACLE_0_NEW\trading_env\lib\site-packages\ccxt\async_support\base\exchange.py", line 217, in fetch
    async with session_method(yarl.URL(url, encoded=True),
               â”‚              â”‚    â”‚   â”” 'https://api.bybit.com/v5/market/kline?symbol=ETHUSDT&limit=20000&interval=1&category=linear'
               â”‚              â”‚    â”” <class 'yarl.URL'>
               â”‚              â”” <module 'yarl' from 'C:\\Users\\HP\\PROJECT_ORACLE_0_NEW\\trading_env\\lib\\site-packages\\yarl\\__init__.py'>
               â”” <bound method ClientSession.get of <aiohttp.client.ClientSession object at 0x000001D70F451210>>

  File "C:\Users\HP\PROJECT_ORACLE_0_NEW\trading_env\lib\site-packages\aiohttp\client.py", line 1488, in __aenter__
    self._resp: _RetType = await self._coro
    â”‚    â”‚                       â”‚    â”” <member '_coro' of '_BaseRequestContextManager' objects>
    â”‚    â”‚                       â”” <aiohttp.client._BaseRequestContextManager object at 0x000001D70A6E5810>
    â”‚    â”” <member '_resp' of '_BaseRequestContextManager' objects>
    â”” <aiohttp.client._BaseRequestContextManager object at 0x000001D70A6E5810>

  File "C:\Users\HP\PROJECT_ORACLE_0_NEW\trading_env\lib\site-packages\aiohttp\client.py", line 770, in _request
    resp = await handler(req)
                 â”‚       â”” <aiohttp.client_reqrep.ClientRequest object at 0x000001D70A6E7640>
                 â”” <function ClientSession._request.<locals>._connect_and_send_request at 0x000001D70A2C2DD0>

  File "C:\Users\HP\PROJECT_ORACLE_0_NEW\trading_env\lib\site-packages\aiohttp\client.py", line 748, in _connect_and_send_request
    await resp.start(conn)
          â”‚    â”‚     â”” Connection<ConnectionKey(host='api.bybit.com', port=443, is_ssl=True, ssl=True, proxy=None, proxy_auth=None, proxy_headers_ha...
          â”‚    â”” <function ClientResponse.start at 0x000001D77E7443A0>
          â”” <ClientResponse(https://api.bybit.com/v5/market/kline?symbol=ETHUSDT&limit=20000&interval=1&category=linear) [None None]>
            None

  File "C:\Users\HP\PROJECT_ORACLE_0_NEW\trading_env\lib\site-packages\aiohttp\client_reqrep.py", line 527, in start
    with self._timer:
         â”‚    â”” <aiohttp.helpers.TimerContext object at 0x000001D712447240>
         â”” <ClientResponse(https://api.bybit.com/v5/market/kline?symbol=ETHUSDT&limit=20000&interval=1&category=linear) [None None]>
           None

  File "C:\Users\HP\PROJECT_ORACLE_0_NEW\trading_env\lib\site-packages\aiohttp\helpers.py", line 685, in __exit__
    raise asyncio.TimeoutError from exc_val
          â”‚       â”‚                 â”” CancelledError()
          â”‚       â”” <class 'asyncio.exceptions.TimeoutError'>
          â”” <module 'asyncio' from 'C:\\Users\\HP\\AppData\\Local\\Programs\\Python\\Python310\\lib\\asyncio\\__init__.py'>

asyncio.exceptions.TimeoutError


The above exception was the direct cause of the following exception:


Traceback (most recent call last):

  File "C:\Users\HP\PROJECT_ORACLE_0_NEW\src\engine\main_realtime.py", line 575, in fetch_and_process
    df = await fetch_candles(session, symbol, interval=tf, longest_period=longest_period)
               â”‚             â”‚        â”‚                â”‚                  â”” 50
               â”‚             â”‚        â”‚                â”” '1'
               â”‚             â”‚        â”” 'ETH/USDT:USDT'
               â”‚             â”” ccxt.async_support.bybit()
               â”” <function fetch_candles at 0x000001D70A38E3B0>

> File "C:\Users\HP\PROJECT_ORACLE_0_NEW\src\engine\main_realtime.py", line 400, in fetch_candles
    ohlcv = await session.fetch_ohlcv(symbol, timeframe=ccxt_interval, limit=limit)
                  â”‚       â”‚           â”‚                 â”‚                    â”” 20000
                  â”‚       â”‚           â”‚                 â”” '1m'
                  â”‚       â”‚           â”” 'ETH/USDT:USDT'
                  â”‚       â”” <function bybit.fetch_ohlcv at 0x000001D77EC9BEB0>
                  â”” ccxt.async_support.bybit()

  File "C:\Users\HP\PROJECT_ORACLE_0_NEW\trading_env\lib\site-packages\ccxt\async_support\bybit.py", line 2554, in fetch_ohlcv
    response = await self.publicGetV5MarketKline(self.extend(request, params))
                     â”‚    â”‚                      â”‚    â”‚      â”‚        â”” {}
                     â”‚    â”‚                      â”‚    â”‚      â”” {'symbol': 'ETHUSDT', 'limit': 20000, 'interval': '1', 'category': 'linear'}
                     â”‚    â”‚                      â”‚    â”” <staticmethod(<function Exchange.extend at 0x000001D77CED0940>)>
                     â”‚    â”‚                      â”” ccxt.async_support.bybit()
                     â”‚    â”” <function Entry.__init__.<locals>.unbound_method at 0x000001D77D87D630>
                     â”” ccxt.async_support.bybit()

  File "C:\Users\HP\PROJECT_ORACLE_0_NEW\trading_env\lib\site-packages\ccxt\async_support\base\exchange.py", line 981, in request
    return await self.fetch2(path, api, method, params, headers, body, config)
                 â”‚    â”‚      â”‚     â”‚    â”‚       â”‚       â”‚        â”‚     â”” {'cost': 5}
                 â”‚    â”‚      â”‚     â”‚    â”‚       â”‚       â”‚        â”” None
                 â”‚    â”‚      â”‚     â”‚    â”‚       â”‚       â”” None
                 â”‚    â”‚      â”‚     â”‚    â”‚       â”” {'symbol': 'ETHUSDT', 'limit': 20000, 'interval': '1', 'category': 'linear'}
                 â”‚    â”‚      â”‚     â”‚    â”” 'GET'
                 â”‚    â”‚      â”‚     â”” 'public'
                 â”‚    â”‚      â”” 'v5/market/kline'
                 â”‚    â”” <function Exchange.fetch2 at 0x000001D77E939750>
                 â”” ccxt.async_support.bybit()

  File "C:\Users\HP\PROJECT_ORACLE_0_NEW\trading_env\lib\site-packages\ccxt\async_support\base\exchange.py", line 975, in fetch2
    raise e

  File "C:\Users\HP\PROJECT_ORACLE_0_NEW\trading_env\lib\site-packages\ccxt\async_support\base\exchange.py", line 966, in fetch2
    return await self.fetch(request['url'], request['method'], request['headers'], request['body'])
                 â”‚    â”‚     â”‚               â”‚                  â”‚                   â”” {'url': 'https://api.bybit.com/v5/market/kline?symbol=ETHUSDT&limit=20000&interval=1&category=linear', 'method': 'GET', 'body...
                 â”‚    â”‚     â”‚               â”‚                  â”” {'url': 'https://api.bybit.com/v5/market/kline?symbol=ETHUSDT&limit=20000&interval=1&category=linear', 'method': 'GET', 'body...
                 â”‚    â”‚     â”‚               â”” {'url': 'https://api.bybit.com/v5/market/kline?symbol=ETHUSDT&limit=20000&interval=1&category=linear', 'method': 'GET', 'body...
                 â”‚    â”‚     â”” {'url': 'https://api.bybit.com/v5/market/kline?symbol=ETHUSDT&limit=20000&interval=1&category=linear', 'method': 'GET', 'body...
                 â”‚    â”” <function Exchange.fetch at 0x000001D77E931E10>
                 â”” ccxt.async_support.bybit()

  File "C:\Users\HP\PROJECT_ORACLE_0_NEW\trading_env\lib\site-packages\ccxt\async_support\base\exchange.py", line 253, in fetch
    raise RequestTimeout(details) from e
          â”‚              â”” 'bybit GET https://api.bybit.com/v5/market/kline?symbol=ETHUSDT&limit=20000&interval=1&category=linear'
          â”” <class 'ccxt.base.errors.RequestTimeout'>

ccxt.base.errors.RequestTimeout: bybit GET https://api.bybit.com/v5/market/kline?symbol=ETHUSDT&limit=20000&interval=1&category=linear
2025-09-14 03:07:49.354 | INFO     | src.engine.main_realtime:preflight_check:544 - í”„ë¦¬í”Œë¼ì´íŠ¸ ì ê²€ ì‹œì‘...
2025-09-14 03:07:51.273 | INFO     | src.engine.main_realtime:preflight_check:547 - ê±°ë˜ ê°€ëŠ¥ ì‹¬ë³¼ ì¡°íšŒ ì¤‘...
2025-09-14 03:07:52.167 | INFO     | src.engine.main_realtime:preflight_check:553 - 2540ê°œì˜ ê±°ë˜ ê°€ëŠ¥ ì‹¬ë³¼ì„ ì°¾ì•˜ìŠµë‹ˆë‹¤.
2025-09-14 03:07:52.167 | INFO     | src.engine.main_realtime:preflight_check:555 - ê³„ì • ì”ê³  ì¡°íšŒ ì¤‘...
2025-09-14 03:07:52.653 | INFO     | src.engine.main_realtime:preflight_check:561 - ê³„ì • ì”ê³ : 0.61 USDT
2025-09-14 03:07:52.653 | INFO     | src.engine.main_realtime:preflight_check:563 - í”„ë¦¬í”Œë¼ì´íŠ¸ ì ê²€ í†µê³¼!
2025-09-14 03:07:53.289 | INFO     | src.engine.main_realtime:main_loop:583 - ===== ì‹¤ì‹œê°„ ê±°ë˜ ì—”ì§„ ì‹œì‘ =====
2025-09-14 03:07:53.290 | INFO     | src.engine.main_realtime:main_loop:584 - VERSION: MRL-2025-09-12-v5-FIX
2025-09-14 03:07:53.290 | INFO     | src.engine.main_realtime:main_loop:585 - DRY_RUN: False
2025-09-14 03:09:15.805 | INFO     | src.engine.main_realtime:preflight_check:544 - í”„ë¦¬í”Œë¼ì´íŠ¸ ì ê²€ ì‹œì‘...
2025-09-14 03:09:18.010 | INFO     | src.engine.main_realtime:preflight_check:547 - ê±°ë˜ ê°€ëŠ¥ ì‹¬ë³¼ ì¡°íšŒ ì¤‘...
2025-09-14 03:09:19.012 | INFO     | src.engine.main_realtime:preflight_check:553 - 2540ê°œì˜ ê±°ë˜ ê°€ëŠ¥ ì‹¬ë³¼ì„ ì°¾ì•˜ìŠµë‹ˆë‹¤.
2025-09-14 03:09:19.012 | INFO     | src.engine.main_realtime:preflight_check:555 - ê³„ì • ì”ê³  ì¡°íšŒ ì¤‘...
2025-09-14 03:09:19.500 | INFO     | src.engine.main_realtime:preflight_check:561 - ê³„ì • ì”ê³ : 0.61 USDT
2025-09-14 03:09:19.500 | INFO     | src.engine.main_realtime:preflight_check:563 - í”„ë¦¬í”Œë¼ì´íŠ¸ ì ê²€ í†µê³¼!
2025-09-14 03:09:20.122 | INFO     | src.engine.main_realtime:main_loop:583 - ===== ì‹¤ì‹œê°„ ê±°ë˜ ì—”ì§„ ì‹œì‘ =====
2025-09-14 03:09:20.122 | INFO     | src.engine.main_realtime:main_loop:584 - VERSION: MRL-2025-09-12-v5-FIX
2025-09-14 03:09:20.122 | INFO     | src.engine.main_realtime:main_loop:585 - DRY_RUN: False
2025-09-14 03:12:11.883 | INFO     | src.engine.main_realtime:preflight_check:544 - í”„ë¦¬í”Œë¼ì´íŠ¸ ì ê²€ ì‹œì‘...
2025-09-14 03:12:13.868 | INFO     | src.engine.main_realtime:preflight_check:547 - ê±°ë˜ ê°€ëŠ¥ ì‹¬ë³¼ ì¡°íšŒ ì¤‘...
2025-09-14 03:12:14.762 | INFO     | src.engine.main_realtime:preflight_check:553 - 2542ê°œì˜ ê±°ë˜ ê°€ëŠ¥ ì‹¬ë³¼ì„ ì°¾ì•˜ìŠµë‹ˆë‹¤.
2025-09-14 03:12:14.762 | INFO     | src.engine.main_realtime:preflight_check:555 - ê³„ì • ì”ê³  ì¡°íšŒ ì¤‘...
2025-09-14 03:12:15.323 | INFO     | src.engine.main_realtime:preflight_check:561 - ê³„ì • ì”ê³ : 0.61 USDT
2025-09-14 03:12:15.323 | INFO     | src.engine.main_realtime:preflight_check:563 - í”„ë¦¬í”Œë¼ì´íŠ¸ ì ê²€ í†µê³¼!
2025-09-14 03:12:15.939 | INFO     | src.engine.main_realtime:main_loop:583 - ===== ì‹¤ì‹œê°„ ê±°ë˜ ì—”ì§„ ì‹œì‘ =====
2025-09-14 03:12:15.939 | INFO     | src.engine.main_realtime:main_loop:584 - VERSION: MRL-2025-09-12-v5-FIX
2025-09-14 03:12:15.940 | INFO     | src.engine.main_realtime:main_loop:585 - DRY_RUN: False
2025-09-14 03:13:50.694 | INFO     | src.engine.main_realtime:preflight_check:544 - í”„ë¦¬í”Œë¼ì´íŠ¸ ì ê²€ ì‹œì‘...
2025-09-14 03:13:52.625 | INFO     | src.engine.main_realtime:preflight_check:547 - ê±°ë˜ ê°€ëŠ¥ ì‹¬ë³¼ ì¡°íšŒ ì¤‘...
2025-09-14 03:13:53.523 | INFO     | src.engine.main_realtime:preflight_check:553 - 2542ê°œì˜ ê±°ë˜ ê°€ëŠ¥ ì‹¬ë³¼ì„ ì°¾ì•˜ìŠµë‹ˆë‹¤.
2025-09-14 03:13:53.523 | INFO     | src.engine.main_realtime:preflight_check:555 - ê³„ì • ì”ê³  ì¡°íšŒ ì¤‘...
2025-09-14 03:13:54.005 | INFO     | src.engine.main_realtime:preflight_check:561 - ê³„ì • ì”ê³ : 0.61 USDT
2025-09-14 03:13:54.006 | INFO     | src.engine.main_realtime:preflight_check:563 - í”„ë¦¬í”Œë¼ì´íŠ¸ ì ê²€ í†µê³¼!
2025-09-14 03:13:54.615 | INFO     | src.engine.main_realtime:main_loop:583 - ===== ì‹¤ì‹œê°„ ê±°ë˜ ì—”ì§„ ì‹œì‘ =====
2025-09-14 03:13:54.615 | INFO     | src.engine.main_realtime:main_loop:584 - VERSION: MRL-2025-09-12-v5-FIX
2025-09-14 03:13:54.615 | INFO     | src.engine.main_realtime:main_loop:585 - DRY_RUN: False
